Epoch number 0
 Current loss 0.7613128423690796

0.7613128423690796
Epoch number 1
 Current loss 0.7607076168060303

0.7607076168060303
Epoch number 2
 Current loss 0.7601813077926636

0.7601813077926636
Epoch number 3
 Current loss 0.9036785364151001

0.9036785364151001
Epoch number 4
 Current loss 0.7564829587936401

0.7564829587936401
Epoch number 5
 Current loss 0.4548271894454956

0.4548271894454956
Epoch number 6
 Current loss 4.0650367736816406e-05

4.0650367736816406e-05
Epoch number 7
 Current loss 0.4460277557373047

0.4460277557373047
Epoch number 8
 Current loss 0.3848165273666382

0.3848165273666382
Epoch number 9
 Current loss 0.7881590127944946

0.7881590127944946
Epoch number 10
 Current loss 0.6002532243728638

0.6002532243728638
Epoch number 11
 Current loss 0.3306668996810913

0.3306668996810913
Epoch number 12
 Current loss 0.03566384315490723

0.03566384315490723
Epoch number 13
 Current loss 0.10191702842712402

0.10191702842712402
Epoch number 14
 Current loss 0.04850363731384277

0.04850363731384277
Epoch number 15
 Current loss 0.07952439785003662

0.07952439785003662
Epoch number 16
 Current loss 0.04968738555908203

0.04968738555908203
Epoch number 17
 Current loss 0.10726690292358398

0.10726690292358398
Epoch number 18
 Current loss 0.005954265594482422

0.005954265594482422
Epoch number 19
 Current loss 0.12145435810089111

0.12145435810089111
Epoch number 20
 Current loss 0.008591651916503906

0.008591651916503906
Epoch number 21
 Current loss 0.053749680519104004

0.053749680519104004
Epoch number 22
 Current loss 0.10050725936889648

0.10050725936889648
Epoch number 23
 Current loss 0.05888211727142334

0.05888211727142334
Epoch number 24
 Current loss 0.0076743364334106445

0.0076743364334106445
Epoch number 25
 Current loss 0.004250884056091309

0.004250884056091309
Epoch number 26
 Current loss 0.03260684013366699

0.03260684013366699
Epoch number 27
 Current loss 0.01656162738800049

0.01656162738800049
Epoch number 28
 Current loss 0.05630302429199219

0.05630302429199219
Epoch number 29
 Current loss 0.04038536548614502

0.04038536548614502
Epoch number 30
 Current loss 0.006816387176513672

0.006816387176513672
Epoch number 31
 Current loss 0.03075861930847168

0.03075861930847168
Epoch number 32
 Current loss 0.05162012577056885

0.05162012577056885
Epoch number 33
 Current loss 0.013338208198547363

0.013338208198547363
Epoch number 34
 Current loss 0.0899655818939209

0.0899655818939209
Epoch number 35
 Current loss 3.2186508178710938e-06

3.2186508178710938e-06
Epoch number 36
 Current loss 0.06894898414611816

0.06894898414611816
Epoch number 37
 Current loss 0.013517379760742188

0.013517379760742188
Epoch number 38
 Current loss 0.046697020530700684

0.046697020530700684
Epoch number 39
 Current loss 0.004911541938781738

0.004911541938781738
Epoch number 40
 Current loss 0.02940356731414795

0.02940356731414795
Epoch number 41
 Current loss 0.0247194766998291

0.0247194766998291
Epoch number 42
 Current loss 0.0

0.0
Epoch number 43
 Current loss 0.01049196720123291

0.01049196720123291
Epoch number 44
 Current loss 0.008280277252197266

0.008280277252197266
Epoch number 45
 Current loss 0.017941951751708984

0.017941951751708984
Epoch number 46
 Current loss 0.01025390625

0.01025390625
Epoch number 47
 Current loss 0.0029554367065429688

0.0029554367065429688
Epoch number 48
 Current loss 0.048941850662231445

0.048941850662231445
Epoch number 49
 Current loss 0.021536827087402344

0.021536827087402344
Epoch number 50
 Current loss 0.07182145118713379

0.07182145118713379
Epoch number 51
 Current loss 0.0019954442977905273

0.0019954442977905273
Epoch number 52
 Current loss 0.01119232177734375

0.01119232177734375
Epoch number 53
 Current loss 0.01472163200378418

0.01472163200378418
Epoch number 54
 Current loss 0.01345670223236084

0.01345670223236084
Epoch number 55
 Current loss 0.0

0.0
Epoch number 56
 Current loss 0.005071401596069336

0.005071401596069336
Epoch number 57
 Current loss 2.3365020751953125e-05

2.3365020751953125e-05
Epoch number 58
 Current loss 0.00015628337860107422

0.00015628337860107422
Epoch number 59
 Current loss 0.0

0.0
Epoch number 60
 Current loss 0.05513596534729004

0.05513596534729004
Epoch number 61
 Current loss 0.10504662990570068

0.10504662990570068
Epoch number 62
 Current loss 0.006035447120666504

0.006035447120666504
Epoch number 63
 Current loss 0.0012323856353759766

0.0012323856353759766
Epoch number 64
 Current loss 0.006528973579406738

0.006528973579406738
Epoch number 65
 Current loss 0.0017331838607788086

0.0017331838607788086
Epoch number 66
 Current loss 0.0

0.0
Epoch number 67
 Current loss 3.1828880310058594e-05

3.1828880310058594e-05
Epoch number 68
 Current loss 0.04354751110076904

0.04354751110076904
Epoch number 69
 Current loss 0.005927085876464844

0.005927085876464844
Epoch number 70
 Current loss 0.14416110515594482

0.14416110515594482
Epoch number 71
 Current loss 8.630752563476562e-05

8.630752563476562e-05
Epoch number 72
 Current loss 0.008550643920898438

0.008550643920898438
Epoch number 73
 Current loss 0.0002187490463256836

0.0002187490463256836
Epoch number 74
 Current loss 0.0013120174407958984

0.0013120174407958984
Epoch number 75
 Current loss 0.0009281635284423828

0.0009281635284423828
Epoch number 76
 Current loss 0.00021350383758544922

0.00021350383758544922
Epoch number 77
 Current loss 0.0

0.0
Epoch number 78
 Current loss 0.001844644546508789

0.001844644546508789
Epoch number 79
 Current loss 9.620189666748047e-05

9.620189666748047e-05
Epoch number 80
 Current loss 0.0061185359954833984

0.0061185359954833984
Epoch number 81
 Current loss 0.00014483928680419922

0.00014483928680419922
Epoch number 82
 Current loss 0.00011277198791503906

0.00011277198791503906
Epoch number 83
 Current loss 0.0023506879806518555

0.0023506879806518555
Epoch number 84
 Current loss 0.00021195411682128906

0.00021195411682128906
Epoch number 85
 Current loss 0.0020873546600341797

0.0020873546600341797
Epoch number 86
 Current loss 0.0003006458282470703

0.0003006458282470703
Epoch number 87
 Current loss 0.00044405460357666016

0.00044405460357666016
Epoch number 88
 Current loss 1.1920928955078125e-07

1.1920928955078125e-07
Epoch number 89
 Current loss 0.0004934072494506836

0.0004934072494506836
Epoch number 90
 Current loss 4.6253204345703125e-05

4.6253204345703125e-05
Epoch number 91
 Current loss 0.0

0.0
Epoch number 92
 Current loss 2.2172927856445312e-05

2.2172927856445312e-05
Epoch number 93
 Current loss 0.04784750938415527

0.04784750938415527
Epoch number 94
 Current loss 0.00022137165069580078

0.00022137165069580078
Epoch number 95
 Current loss 0.00014460086822509766

0.00014460086822509766
Epoch number 96
 Current loss 0.00010132789611816406

0.00010132789611816406
Epoch number 97
 Current loss 2.682209014892578e-05

2.682209014892578e-05
Epoch number 98
 Current loss 5.4836273193359375e-06

5.4836273193359375e-06
Epoch number 99
 Current loss 3.063678741455078e-05

3.063678741455078e-05
