Epoch number 0
 Current loss 2.384185791015625e-07

2.384185791015625e-07
Epoch number 1
 Current loss 0.905082106590271

0.905082106590271
Epoch number 2
 Current loss 0.7557245492935181

0.7557245492935181
Epoch number 3
 Current loss 0.9029046297073364

0.9029046297073364
Epoch number 4
 Current loss 0.7594394683837891

0.7594394683837891
Epoch number 5
 Current loss 0.0005377531051635742

0.0005377531051635742
Epoch number 6
 Current loss 0.4459611177444458

0.4459611177444458
Epoch number 7
 Current loss 0.8916199207305908

0.8916199207305908
Epoch number 8
 Current loss 0.6139547824859619

0.6139547824859619
Epoch number 9
 Current loss 0.4752248525619507

0.4752248525619507
Epoch number 10
 Current loss 0.4700927734375

0.4700927734375
Epoch number 11
 Current loss 0.4503546953201294

0.4503546953201294
Epoch number 12
 Current loss 0.029802322387695312

0.029802322387695312
Epoch number 13
 Current loss 0.1932591199874878

0.1932591199874878
Epoch number 14
 Current loss 0.0625847578048706

0.0625847578048706
Epoch number 15
 Current loss 0.013889431953430176

0.013889431953430176
Epoch number 16
 Current loss 0.009912371635437012

0.009912371635437012
Epoch number 17
 Current loss 0.013557791709899902

0.013557791709899902
Epoch number 18
 Current loss 0.08977186679840088

0.08977186679840088
Epoch number 19
 Current loss 0.04527139663696289

0.04527139663696289
Epoch number 20
 Current loss 0.20279061794281006

0.20279061794281006
Epoch number 21
 Current loss 0.09757912158966064

0.09757912158966064
Epoch number 22
 Current loss 0.2504202127456665

0.2504202127456665
Epoch number 23
 Current loss 0.13751530647277832

0.13751530647277832
Epoch number 24
 Current loss 0.25337421894073486

0.25337421894073486
Epoch number 25
 Current loss 0.1633913516998291

0.1633913516998291
Epoch number 26
 Current loss 0.07785356044769287

0.07785356044769287
Epoch number 27
 Current loss 0.007759690284729004

0.007759690284729004
Epoch number 28
 Current loss 0.0004030466079711914

0.0004030466079711914
Epoch number 29
 Current loss 0.036803483963012695

0.036803483963012695
Epoch number 30
 Current loss 0.06668949127197266

0.06668949127197266
Epoch number 31
 Current loss 0.0035202503204345703

0.0035202503204345703
Epoch number 32
 Current loss 0.001546621322631836

0.001546621322631836
Epoch number 33
 Current loss 0.10227859020233154

0.10227859020233154
Epoch number 34
 Current loss 0.026220321655273438

0.026220321655273438
Epoch number 35
 Current loss 0.003101944923400879

0.003101944923400879
Epoch number 36
 Current loss 0.0

0.0
Epoch number 37
 Current loss 0.16755807399749756

0.16755807399749756
Epoch number 38
 Current loss 0.038886070251464844

0.038886070251464844
Epoch number 39
 Current loss 0.006240129470825195

0.006240129470825195
Epoch number 40
 Current loss 0.016770005226135254

0.016770005226135254
Epoch number 41
 Current loss 0.010402441024780273

0.010402441024780273
Epoch number 42
 Current loss 0.029844045639038086

0.029844045639038086
Epoch number 43
 Current loss 0.00023090839385986328

0.00023090839385986328
Epoch number 44
 Current loss 0.002982497215270996

0.002982497215270996
Epoch number 45
 Current loss 0.0033075809478759766

0.0033075809478759766
Epoch number 46
 Current loss 0.013173699378967285

0.013173699378967285
Epoch number 47
 Current loss 0.0015751123428344727

0.0015751123428344727
Epoch number 48
 Current loss 0.1767951250076294

0.1767951250076294
Epoch number 49
 Current loss 0.09578800201416016

0.09578800201416016
Epoch number 50
 Current loss 0.06203103065490723

0.06203103065490723
Epoch number 51
 Current loss 0.0021780729293823242

0.0021780729293823242
Epoch number 52
 Current loss 0.0018900632858276367

0.0018900632858276367
Epoch number 53
 Current loss 2.7894973754882812e-05

2.7894973754882812e-05
Epoch number 54
 Current loss 0.0050394535064697266

0.0050394535064697266
Epoch number 55
 Current loss 0.014068961143493652

0.014068961143493652
Epoch number 56
 Current loss 0.0032120943069458008

0.0032120943069458008
Epoch number 57
 Current loss 3.9696693420410156e-05

3.9696693420410156e-05
Epoch number 58
 Current loss 0.0011676549911499023

0.0011676549911499023
Epoch number 59
 Current loss 0.00547182559967041

0.00547182559967041
Epoch number 60
 Current loss 0.0020264387130737305

0.0020264387130737305
Epoch number 61
 Current loss 0.08820939064025879

0.08820939064025879
Epoch number 62
 Current loss 0.001618504524230957

0.001618504524230957
Epoch number 63
 Current loss 0.001093745231628418

0.001093745231628418
Epoch number 64
 Current loss 0.005146384239196777

0.005146384239196777
Epoch number 65
 Current loss 0.0010902881622314453

0.0010902881622314453
Epoch number 66
 Current loss 0.003513336181640625

0.003513336181640625
Epoch number 67
 Current loss 0.03712892532348633

0.03712892532348633
Epoch number 68
 Current loss 0.001214146614074707

0.001214146614074707
Epoch number 69
 Current loss 0.038083434104919434

0.038083434104919434
Epoch number 70
 Current loss 0.003260970115661621

0.003260970115661621
Epoch number 71
 Current loss 0.0028990507125854492

0.0028990507125854492
Epoch number 72
 Current loss 0.007704257965087891

0.007704257965087891
Epoch number 73
 Current loss 0.00242006778717041

0.00242006778717041
Epoch number 74
 Current loss 0.0

0.0
Epoch number 75
 Current loss 0.04818141460418701

0.04818141460418701
Epoch number 76
 Current loss 0.00028896331787109375

0.00028896331787109375
Epoch number 77
 Current loss 0.0

0.0
Epoch number 78
 Current loss 0.0

0.0
Epoch number 79
 Current loss 0.0025113821029663086

0.0025113821029663086
Epoch number 80
 Current loss 0.01927006244659424

0.01927006244659424
Epoch number 81
 Current loss 0.010688185691833496

0.010688185691833496
Epoch number 82
 Current loss 0.002163410186767578

0.002163410186767578
Epoch number 83
 Current loss 0.0008543729782104492

0.0008543729782104492
Epoch number 84
 Current loss 0.000544428825378418

0.000544428825378418
Epoch number 85
 Current loss 0.0005865097045898438

0.0005865097045898438
Epoch number 86
 Current loss 0.005105376243591309

0.005105376243591309
Epoch number 87
 Current loss 0.0001462697982788086

0.0001462697982788086
Epoch number 88
 Current loss 0.00031065940856933594

0.00031065940856933594
Epoch number 89
 Current loss 0.0013977289199829102

0.0013977289199829102
Epoch number 90
 Current loss 0.0012352466583251953

0.0012352466583251953
Epoch number 91
 Current loss 0.0010696649551391602

0.0010696649551391602
Epoch number 92
 Current loss 0.005699753761291504

0.005699753761291504
Epoch number 93
 Current loss 0.006864786148071289

0.006864786148071289
Epoch number 94
 Current loss 0.0010155439376831055

0.0010155439376831055
Epoch number 95
 Current loss 0.0002614259719848633

0.0002614259719848633
Epoch number 96
 Current loss 0.0019391775131225586

0.0019391775131225586
Epoch number 97
 Current loss 0.000950932502746582

0.000950932502746582
Epoch number 98
 Current loss 0.0024597644805908203

0.0024597644805908203
Epoch number 99
 Current loss 0.00023865699768066406

0.00023865699768066406
