Epoch number 0
 Current loss 2.384185791015625e-07

2.384185791015625e-07
Epoch number 1
 Current loss 0.46065235137939453

0.46065235137939453
Epoch number 2
 Current loss 0.7575992345809937

0.7575992345809937
Epoch number 3
 Current loss 0.9618138074874878

0.9618138074874878
Epoch number 4
 Current loss 0.959830641746521

0.959830641746521
Epoch number 5
 Current loss 0.73555588722229

0.73555588722229
Epoch number 6
 Current loss 0.4064478874206543

0.4064478874206543
Epoch number 7
 Current loss 0.8616505861282349

0.8616505861282349
Epoch number 8
 Current loss 0.0026700496673583984

0.0026700496673583984
Epoch number 9
 Current loss 0.25628817081451416

0.25628817081451416
Epoch number 10
 Current loss 0.5292671918869019

0.5292671918869019
Epoch number 11
 Current loss 0.08424210548400879

0.08424210548400879
Epoch number 12
 Current loss 0.41236698627471924

0.41236698627471924
Epoch number 13
 Current loss 0.19320499897003174

0.19320499897003174
Epoch number 14
 Current loss 0.08274126052856445

0.08274126052856445
Epoch number 15
 Current loss 0.10452687740325928

0.10452687740325928
Epoch number 16
 Current loss 0.05043637752532959

0.05043637752532959
Epoch number 17
 Current loss 0.032478928565979004

0.032478928565979004
Epoch number 18
 Current loss 0.1400134563446045

0.1400134563446045
Epoch number 19
 Current loss 0.012571096420288086

0.012571096420288086
Epoch number 20
 Current loss 0.08568572998046875

0.08568572998046875
Epoch number 21
 Current loss 0.020676612854003906

0.020676612854003906
Epoch number 22
 Current loss 0.008335113525390625

0.008335113525390625
Epoch number 23
 Current loss 0.10259008407592773

0.10259008407592773
Epoch number 24
 Current loss 0.037450194358825684

0.037450194358825684
Epoch number 25
 Current loss 0.08603215217590332

0.08603215217590332
Epoch number 26
 Current loss 0.0724020004272461

0.0724020004272461
Epoch number 27
 Current loss 0.30775749683380127

0.30775749683380127
Epoch number 28
 Current loss 0.04103589057922363

0.04103589057922363
Epoch number 29
 Current loss 0.1931779384613037

0.1931779384613037
