Epoch number 0
 Current loss 0.46203505992889404

0.46203505992889404
Epoch number 1
 Current loss 0.4570646286010742

0.4570646286010742
Epoch number 2
 Current loss 0.7476769685745239

0.7476769685745239
Epoch number 3
 Current loss 0.45967113971710205

0.45967113971710205
Epoch number 4
 Current loss 0.7358988523483276

0.7358988523483276
Epoch number 5
 Current loss 0.8705288171768188

0.8705288171768188
Epoch number 6
 Current loss 0.6777068376541138

0.6777068376541138
Epoch number 7
 Current loss 0.2732352018356323

0.2732352018356323
Epoch number 8
 Current loss 0.43063676357269287

0.43063676357269287
Epoch number 9
 Current loss 0.24493634700775146

0.24493634700775146
Epoch number 10
 Current loss 0.2042464017868042

0.2042464017868042
Epoch number 11
 Current loss 0.16208434104919434

0.16208434104919434
Epoch number 12
 Current loss 0.20909500122070312

0.20909500122070312
Epoch number 13
 Current loss 0.02666449546813965

0.02666449546813965
Epoch number 14
 Current loss 0.05279338359832764

0.05279338359832764
Epoch number 15
 Current loss 0.13503968715667725

0.13503968715667725
Epoch number 16
 Current loss 0.019998669624328613

0.019998669624328613
Epoch number 17
 Current loss 0.17985200881958008

0.17985200881958008
Epoch number 18
 Current loss 0.12465739250183105

0.12465739250183105
Epoch number 19
 Current loss 0.03616750240325928

0.03616750240325928
Epoch number 20
 Current loss 0.08582699298858643

0.08582699298858643
Epoch number 21
 Current loss 1.3589859008789062e-05

1.3589859008789062e-05
Epoch number 22
 Current loss 0.024017333984375

0.024017333984375
Epoch number 23
 Current loss 0.0022363662719726562

0.0022363662719726562
Epoch number 24
 Current loss 8.308887481689453e-05

8.308887481689453e-05
Epoch number 25
 Current loss 0.12817299365997314

0.12817299365997314
Epoch number 26
 Current loss 0.0029944181442260742

0.0029944181442260742
Epoch number 27
 Current loss 0.0045920610427856445

0.0045920610427856445
Epoch number 28
 Current loss 0.01006925106048584

0.01006925106048584
Epoch number 29
 Current loss 0.018811583518981934

0.018811583518981934
