Epoch number 0
 Current loss 0.4618743658065796

0.4618743658065796
Epoch number 1
 Current loss 0.761488676071167

0.761488676071167
Epoch number 2
 Current loss 0.46195030212402344

0.46195030212402344
Epoch number 3
 Current loss 0.9639490842819214

0.9639490842819214
Epoch number 4
 Current loss 0.9050475358963013

0.9050475358963013
Epoch number 5
 Current loss 0.904996395111084

0.904996395111084
Epoch number 6
 Current loss 0.9050114154815674

0.9050114154815674
Epoch number 7
 Current loss 0.761385440826416

0.761385440826416
Epoch number 8
 Current loss 0.46205055713653564

0.46205055713653564
Epoch number 9
 Current loss 0.9049763679504395

0.9049763679504395
Epoch number 10
 Current loss 0.4618624448776245

0.4618624448776245
Epoch number 11
 Current loss 0.9049934148788452

0.9049934148788452
Epoch number 12
 Current loss 0.9050672054290771

0.9050672054290771
Epoch number 13
 Current loss 0.9050194025039673

0.9050194025039673
Epoch number 14
 Current loss 0.461763858795166

0.461763858795166
Epoch number 15
 Current loss 0.7613474130630493

0.7613474130630493
Epoch number 16
 Current loss 0.9050202369689941

0.9050202369689941
Epoch number 17
 Current loss 1.1920928955078125e-07

1.1920928955078125e-07
Epoch number 18
 Current loss 0.4620403051376343

0.4620403051376343
Epoch number 19
 Current loss 0.4619699716567993

0.4619699716567993
Epoch number 20
 Current loss 0.7614219188690186

0.7614219188690186
Epoch number 21
 Current loss 0.7615058422088623

0.7615058422088623
Epoch number 22
 Current loss 0.7614471912384033

0.7614471912384033
Epoch number 23
 Current loss 2.384185791015625e-07

2.384185791015625e-07
Epoch number 24
 Current loss 0.7612558603286743

0.7612558603286743
Epoch number 25
 Current loss 0.9049397706985474

0.9049397706985474
Epoch number 26
 Current loss 0.7614169120788574

0.7614169120788574
Epoch number 27
 Current loss 1.1920928955078125e-07

1.1920928955078125e-07
Epoch number 28
 Current loss 0.9639564752578735

0.9639564752578735
Epoch number 29
 Current loss 0.7614651918411255

0.7614651918411255
Epoch number 30
 Current loss 0.9050202369689941

0.9050202369689941
Epoch number 31
 Current loss 0.9051145315170288

0.9051145315170288
Epoch number 32
 Current loss 0.4620441198348999

0.4620441198348999
Epoch number 33
 Current loss 0.7615333795547485

0.7615333795547485
Epoch number 34
 Current loss 0.462039589881897

0.462039589881897
Epoch number 35
 Current loss 0.905058741569519

0.905058741569519
Epoch number 36
 Current loss 0.7613967657089233

0.7613967657089233
Epoch number 37
 Current loss 0.9050475358963013

0.9050475358963013
Epoch number 38
 Current loss 0.7613861560821533

0.7613861560821533
Epoch number 39
 Current loss 0.9639718532562256

0.9639718532562256
Epoch number 40
 Current loss 0.4617805480957031

0.4617805480957031
Epoch number 41
 Current loss 0.4619094133377075

0.4619094133377075
Epoch number 42
 Current loss 0.7612998485565186

0.7612998485565186
Epoch number 43
 Current loss 0.7613608837127686

0.7613608837127686
Epoch number 44
 Current loss 1.1920928955078125e-07

1.1920928955078125e-07
Epoch number 45
 Current loss 0.9639861583709717

0.9639861583709717
Epoch number 46
 Current loss 0.462093710899353

0.462093710899353
Epoch number 47
 Current loss 0.7614802122116089

0.7614802122116089
Epoch number 48
 Current loss 0.9050077199935913

0.9050077199935913
Epoch number 49
 Current loss 0.9050744771957397

0.9050744771957397
Epoch number 50
 Current loss 0.4620600938796997

0.4620600938796997
Epoch number 51
 Current loss 0.9049752950668335

0.9049752950668335
Epoch number 52
 Current loss 0.9050120115280151

0.9050120115280151
Epoch number 53
 Current loss 0.7614753246307373

0.7614753246307373
Epoch number 54
 Current loss 0.46200883388519287

0.46200883388519287
Epoch number 55
 Current loss 0.46204543113708496

0.46204543113708496
Epoch number 56
 Current loss 0.46202170848846436

0.46202170848846436
Epoch number 57
 Current loss 0.9639534950256348

0.9639534950256348
Epoch number 58
 Current loss 3.5762786865234375e-07

3.5762786865234375e-07
Epoch number 59
 Current loss 0.7613083124160767

0.7613083124160767
Epoch number 60
 Current loss 0.9049575328826904

0.9049575328826904
Epoch number 61
 Current loss 0.7613387107849121

0.7613387107849121
Epoch number 62
 Current loss 1.1920928955078125e-07

1.1920928955078125e-07
Epoch number 63
 Current loss 0.46194708347320557

0.46194708347320557
Epoch number 64
 Current loss 0.9050157070159912

0.9050157070159912
Epoch number 65
 Current loss 0.9050042629241943

0.9050042629241943
Epoch number 66
 Current loss 0.7614232301712036

0.7614232301712036
Epoch number 67
 Current loss 0.7614187002182007

0.7614187002182007
Epoch number 68
 Current loss 0.9049804210662842

0.9049804210662842
Epoch number 69
 Current loss 1.1920928955078125e-07

1.1920928955078125e-07
Epoch number 70
 Current loss 0.7614161968231201

0.7614161968231201
Epoch number 71
 Current loss 0.4619861841201782

0.4619861841201782
Epoch number 72
 Current loss 0.9050929546356201

0.9050929546356201
Epoch number 73
 Current loss 0.9050173759460449

0.9050173759460449
Epoch number 74
 Current loss 0.761336088180542

0.761336088180542
Epoch number 75
 Current loss 0.7614446878433228

0.7614446878433228
Epoch number 76
 Current loss 0.46208977699279785

0.46208977699279785
Epoch number 77
 Current loss 0.9050050973892212

0.9050050973892212
Epoch number 78
 Current loss 0.7614883184432983

0.7614883184432983
Epoch number 79
 Current loss 0.9050024747848511

0.9050024747848511
Epoch number 80
 Current loss 0.9049841165542603

0.9049841165542603
Epoch number 81
 Current loss 0.46186065673828125

0.46186065673828125
Epoch number 82
 Current loss 0.9049856662750244

0.9049856662750244
Epoch number 83
 Current loss 0.46190619468688965

0.46190619468688965
Epoch number 84
 Current loss 0.4618873596191406

0.4618873596191406
Epoch number 85
 Current loss 0.7613921165466309

0.7613921165466309
Epoch number 86
 Current loss 0.9050228595733643

0.9050228595733643
Epoch number 87
 Current loss 0.4620506763458252

0.4620506763458252
Epoch number 88
 Current loss 0.905048131942749

0.905048131942749
Epoch number 89
 Current loss 0.7612743377685547

0.7612743377685547
Epoch number 90
 Current loss 0.7613866329193115

0.7613866329193115
Epoch number 91
 Current loss 0.7614669799804688

0.7614669799804688
Epoch number 92
 Current loss 0.4618164300918579

0.4618164300918579
Epoch number 93
 Current loss 0.4620600938796997

0.4620600938796997
Epoch number 94
 Current loss 1.1920928955078125e-07

1.1920928955078125e-07
Epoch number 95
 Current loss 0.9639755487442017

0.9639755487442017
Epoch number 96
 Current loss 0.9050301313400269

0.9050301313400269
Epoch number 97
 Current loss 0.7614579200744629

0.7614579200744629
Epoch number 98
 Current loss 0.7613203525543213

0.7613203525543213
Epoch number 99
 Current loss 0.46202516555786133

0.46202516555786133
