Epoch number 0
 Current loss 0.7615739107131958

0.7615739107131958
Epoch number 1
 Current loss 0.7615242004394531

0.7615242004394531
Epoch number 2
 Current loss 0.4620990753173828

0.4620990753173828
Epoch number 3
 Current loss 0.9051235914230347

0.9051235914230347
Epoch number 4
 Current loss 0.46205663681030273

0.46205663681030273
Epoch number 5
 Current loss 0.7614496946334839

0.7614496946334839
Epoch number 6
 Current loss 0.9051192998886108

0.9051192998886108
Epoch number 7
 Current loss 0.7615107297897339

0.7615107297897339
Epoch number 8
 Current loss 0.9050778150558472

0.9050778150558472
Epoch number 9
 Current loss 1.1920928955078125e-07

1.1920928955078125e-07
Epoch number 10
 Current loss 0.7614678144454956

0.7614678144454956
Epoch number 11
 Current loss 0.9051188230514526

0.9051188230514526
Epoch number 12
 Current loss 0.7614480257034302

0.7614480257034302
Epoch number 13
 Current loss 0.9050600528717041

0.9050600528717041
Epoch number 14
 Current loss 0.462100625038147

0.462100625038147
Epoch number 15
 Current loss 0.7614706754684448

0.7614706754684448
Epoch number 16
 Current loss 0.7615611553192139

0.7615611553192139
Epoch number 17
 Current loss 0.4620853662490845

0.4620853662490845
Epoch number 18
 Current loss 0.46211183071136475

0.46211183071136475
Epoch number 19
 Current loss 0.9051145315170288

0.9051145315170288
Epoch number 20
 Current loss 0.9051357507705688

0.9051357507705688
Epoch number 21
 Current loss 0.7615453004837036

0.7615453004837036
Epoch number 22
 Current loss 0.4620656967163086

0.4620656967163086
Epoch number 23
 Current loss 0.7614694833755493

0.7614694833755493
Epoch number 24
 Current loss 0.7614635229110718

0.7614635229110718
Epoch number 25
 Current loss 0.9050388336181641

0.9050388336181641
Epoch number 26
 Current loss 0.0

0.0
Epoch number 27
 Current loss 0.7614511251449585

0.7614511251449585
Epoch number 28
 Current loss 0.7614494562149048

0.7614494562149048
Epoch number 29
 Current loss 0.7614772319793701

0.7614772319793701
Epoch number 30
 Current loss 0.7614548206329346

0.7614548206329346
Epoch number 31
 Current loss 0.7615232467651367

0.7615232467651367
Epoch number 32
 Current loss 0.4618781805038452

0.4618781805038452
Epoch number 33
 Current loss 0.905044436454773

0.905044436454773
Epoch number 34
 Current loss 0.7614997625350952

0.7614997625350952
Epoch number 35
 Current loss 0.4620903730392456

0.4620903730392456
Epoch number 36
 Current loss 0.4618411064147949

0.4618411064147949
Epoch number 37
 Current loss 0.7614132165908813

0.7614132165908813
Epoch number 38
 Current loss 0.9639997482299805

0.9639997482299805
Epoch number 39
 Current loss 0.9639856815338135

0.9639856815338135
Epoch number 40
 Current loss 0.7614568471908569

0.7614568471908569
Epoch number 41
 Current loss 0.761549711227417

0.761549711227417
Epoch number 42
 Current loss 0.7615176439285278

0.7615176439285278
Epoch number 43
 Current loss 0.4620934724807739

0.4620934724807739
Epoch number 44
 Current loss 0.9051281213760376

0.9051281213760376
Epoch number 45
 Current loss 0.9051264524459839

0.9051264524459839
Epoch number 46
 Current loss 0.4620739221572876

0.4620739221572876
Epoch number 47
 Current loss 0.46198976039886475

0.46198976039886475
Epoch number 48
 Current loss 0.7614755630493164

0.7614755630493164
Epoch number 49
 Current loss 0.9051235914230347

0.9051235914230347
Epoch number 50
 Current loss 0.46184027194976807

0.46184027194976807
Epoch number 51
 Current loss 0.4619131088256836

0.4619131088256836
Epoch number 52
 Current loss 0.0

0.0
Epoch number 53
 Current loss 0.761460542678833

0.761460542678833
Epoch number 54
 Current loss 0.963986873626709

0.963986873626709
Epoch number 55
 Current loss 0.761460542678833

0.761460542678833
Epoch number 56
 Current loss 0.9050788879394531

0.9050788879394531
Epoch number 57
 Current loss 0.7615593671798706

0.7615593671798706
Epoch number 58
 Current loss 1.1920928955078125e-07

1.1920928955078125e-07
Epoch number 59
 Current loss 0.7613471746444702

0.7613471746444702
Epoch number 60
 Current loss 0.7614434957504272

0.7614434957504272
Epoch number 61
 Current loss 0.9640107154846191

0.9640107154846191
Epoch number 62
 Current loss 0.7614587545394897

0.7614587545394897
Epoch number 63
 Current loss 0.761538028717041

0.761538028717041
Epoch number 64
 Current loss 0.761587381362915

0.761587381362915
Epoch number 65
 Current loss 0.0

0.0
Epoch number 66
 Current loss 0.46204233169555664

0.46204233169555664
Epoch number 67
 Current loss 0.9050871133804321

0.9050871133804321
Epoch number 68
 Current loss 0.9049860239028931

0.9049860239028931
Epoch number 69
 Current loss 0.9050933122634888

0.9050933122634888
Epoch number 70
 Current loss 0.46210217475891113

0.46210217475891113
Epoch number 71
 Current loss 0.46206629276275635

0.46206629276275635
Epoch number 72
 Current loss 0.46198463439941406

0.46198463439941406
Epoch number 73
 Current loss 0.7615402936935425

0.7615402936935425
Epoch number 74
 Current loss 0.9051293134689331

0.9051293134689331
Epoch number 75
 Current loss 0.761459231376648

0.761459231376648
Epoch number 76
 Current loss 0.46210455894470215

0.46210455894470215
Epoch number 77
 Current loss 0.905126690864563

0.905126690864563
Epoch number 78
 Current loss 0.7615541219711304

0.7615541219711304
Epoch number 79
 Current loss 0.0

0.0
Epoch number 80
 Current loss 0.0

0.0
Epoch number 81
 Current loss 0.9050799608230591

0.9050799608230591
Epoch number 82
 Current loss 0.0

0.0
Epoch number 83
 Current loss 0.905095100402832

0.905095100402832
Epoch number 84
 Current loss 0.7615255117416382

0.7615255117416382
Epoch number 85
 Current loss 0.0

0.0
Epoch number 86
 Current loss 0.7615630626678467

0.7615630626678467
Epoch number 87
 Current loss 0.46191132068634033

0.46191132068634033
Epoch number 88
 Current loss 0.9050476551055908

0.9050476551055908
Epoch number 89
 Current loss 0.9050881862640381

0.9050881862640381
Epoch number 90
 Current loss 0.0

0.0
Epoch number 91
 Current loss 0.4620664119720459

0.4620664119720459
Epoch number 92
 Current loss 0.9050898551940918

0.9050898551940918
Epoch number 93
 Current loss 0.9051322937011719

0.9051322937011719
Epoch number 94
 Current loss 0.9639906883239746

0.9639906883239746
Epoch number 95
 Current loss 0.46201300621032715

0.46201300621032715
Epoch number 96
 Current loss 0.7615373134613037

0.7615373134613037
Epoch number 97
 Current loss 0.7615346908569336

0.7615346908569336
Epoch number 98
 Current loss 0.46206092834472656

0.46206092834472656
Epoch number 99
 Current loss 0.7615671157836914

0.7615671157836914
