enterted func
in epoch
0.46180129051208496
0.9049402475357056
0.84801185131073
0.8480297327041626
0.8479161262512207
0.8480305671691895
0.9049203395843506
0.7612555027008057
0.6349111795425415
0.6349102258682251
0.9049228429794312
0.4616023302078247
0.9049193859100342
in epoch
0.6346966028213501
0.7612407207489014
0.90496826171875
0.7612038850784302
0.9411966800689697
0.8478826284408569
0.4618825912475586
0.46181154251098633
0.7611961364746094
0.634873628616333
0.2446519136428833
0.9412283897399902
0.761160135269165
in epoch
0.7612807750701904
0.6349375247955322
0.6349904537200928
0.7611621618270874
0.8480265140533447
0.9049298763275146
0.848004937171936
0.7612414360046387
0.6347516775131226
0.6348572969436646
0.8479615449905396
0.24468004703521729
1.1920928955078125e-07
in epoch
0.8480401039123535
0.7611663341522217
0.761154294013977
0.8481367826461792
0.848090648651123
0.905015230178833
0.8480504751205444
0.6347910165786743
0.7611958980560303
0.8478596210479736
0.7614074945449829
0.941179633140564
0.7612185478210449
in epoch
0.46180105209350586
0.24460911750793457
0.7612582445144653
0.7613894939422607
0.8479863405227661
0.6348634958267212
0.24462902545928955
0.9049880504608154
0.9411917924880981
0.8480472564697266
0.9049402475357056
0.7612565755844116
0.7614096403121948
in epoch
0.6347489356994629
0.46179866790771484
0.8479851484298706
0.7613109350204468
0.8480052947998047
0.9049257040023804
0.6348062753677368
0.8480480909347534
0.848128080368042
0.8479361534118652
0.8480136394500732
0.46194732189178467
0.461780309677124
in epoch
0.9049599170684814
0.8479721546173096
0.7612769603729248
0.9049413204193115
0.9049086570739746
0.8480337858200073
0.9049655199050903
0.848110556602478
0.9049166440963745
0.9048839807510376
0.8481101989746094
0.8479238748550415
0.7611263990402222
in epoch
0.46167194843292236
0.7611206769943237
0.8479816913604736
0.84800124168396
0.46190059185028076
0.6348099708557129
0.761394739151001
0.7613116502761841
0.7614403963088989
0.8480368852615356
0.9049142599105835
0.9412364959716797
0.46176838874816895
in epoch
0.7613579034805298
0.8480489253997803
0.4617658853530884
0.761168360710144
0.4618544578552246
0.7611169815063477
0.8480095863342285
0.6350497007369995
0.8480138778686523
0.2447601556777954
0.8480271100997925
0.7612438201904297
0.7614010572433472
in epoch
0.46174514293670654
0.6348832845687866
0.9048901796340942
0.8480201959609985
0.4618450403213501
0.6348227262496948
0.24461495876312256
0.6349574327468872
0.6346727609634399
0.9049631357192993
0.9049310684204102
0.7611998319625854
0.7611256837844849
in epoch
0.8480826616287231
0.9412263631820679
0.7612712383270264
0.4618194103240967
0.8479033708572388
0.6347063779830933
0.9048824310302734
0.7613283395767212
0.7613410949707031
0.2447718381881714
0.4618368148803711
0.8480942249298096
0.7611796855926514
in epoch
0.9049546718597412
0.6348856687545776
0.24481773376464844
0.46180880069732666
0.7612700462341309
0.6347715854644775
0.9049108028411865
0.9412219524383545
0.9049159288406372
0.9049066305160522
0.4617844820022583
0.847902774810791
0.0
in epoch
0.7614736557006836
0.8481025695800781
0.8479446172714233
0.848031759262085
0.9049230813980103
0.8479615449905396
0.9412418603897095
0.46197211742401123
0.7613575458526611
0.9048805236816406
0.9412434101104736
0.46195507049560547
0.9049179553985596
in epoch
0.6347044706344604
0.7611880302429199
0.634881854057312
0.8479037284851074
0.6347980499267578
0.7611312866210938
0.9048973321914673
0.7613693475723267
0.7613810300827026
0.7611514329910278
0.6348241567611694
0.8480124473571777
0.7613450288772583
in epoch
0.6347312927246094
0.634648323059082
0.7612591981887817
0.761177659034729
0.6348129510879517
0.8481457233428955
0.6348285675048828
0.7613168954849243
0.7612671852111816
0.941280722618103
0.7613327503204346
0.6349027156829834
0.9048221111297607
in epoch
0.9049538373947144
0.4615563154220581
0.8480740785598755
1.1920928955078125e-07
0.634743332862854
0.9638893604278564
0.8480861186981201
0.8479998111724854
0.9638962745666504
0.7612963914871216
0.7613222599029541
0.8478888273239136
0.7612918615341187
in epoch
0.7611386775970459
0.6348614692687988
0.6346948146820068
0.46189939975738525
0.9050109386444092
0.461834192276001
0.9049285650253296
0.7612828016281128
0.6346179246902466
0.8479808568954468
0.6345793008804321
0.8479399681091309
0.4620143175125122
in epoch
0.6348578929901123
0.7612628936767578
0.7613135576248169
0.6348000764846802
0.4618871212005615
0.4618891477584839
0.8480440378189087
0.8480889797210693
0.7612283229827881
0.9049992561340332
0.8480159044265747
0.7611619234085083
0.46202147006988525
in epoch
0.9412070512771606
0.8479987382888794
0.6347938776016235
0.8480570316314697
0.7613623142242432
0.7612249851226807
0.8479796648025513
0.6349469423294067
0.8480489253997803
0.8479800224304199
0.8480085134506226
0.24476134777069092
0.9050236940383911
in epoch
0.8479959964752197
0.7612625360488892
0.8480384349822998
0.8478671312332153
0.634804368019104
0.8479431867599487
0.4618208408355713
0.7611898183822632
0.4617190361022949
0.4616987705230713
0.8479868173599243
0.8480110168457031
0.7614867687225342
in epoch
0.7613240480422974
0.7612123489379883
0.6347304582595825
0.461820125579834
0.6348252296447754
0.9049490690231323
0.6348881721496582
0.6348081827163696
0.6346430778503418
0.9412374496459961
0.7611310482025146
0.7613669633865356
0.7612971067428589
in epoch
0.8479138612747192
0.46183061599731445
0.8479925394058228
0.848046064376831
0.7613712549209595
0.9050064086914062
0.8480398654937744
0.461786150932312
0.7612736225128174
0.6348035335540771
0.46166908740997314
0.9050149917602539
0.7611645460128784
in epoch
0.761319637298584
0.462002158164978
0.761172890663147
0.7613464593887329
0.6347270011901855
0.7612428665161133
0.8480322360992432
0.7612920999526978
0.6348308324813843
0.9048995971679688
0.8479068279266357
0.9049748182296753
0.4620225429534912
in epoch
0.848063588142395
0.7612296342849731
0.6349492073059082
0.7612303495407104
0.8479896783828735
0.8479063510894775
0.6347615718841553
0.7612042427062988
0.9412245750427246
0.6348251104354858
0.46165716648101807
0.2446995973587036
0.7613202333450317
in epoch
0.46202409267425537
0.6347525119781494
0.9049886465072632
0.8480579853057861
0.7613693475723267
0.848031759262085
0.9049025774002075
0.7614564895629883
0.7610898017883301
0.6346495151519775
0.6348093748092651
0.9049705266952515
0.963951826095581
in epoch
0.7612484693527222
0.8479794263839722
0.8481004238128662
0.8481234312057495
0.8480496406555176
0.6348252296447754
0.6348114013671875
0.7611856460571289
0.8480182886123657
0.7614303827285767
0.6348816156387329
0.46185994148254395
0.7611978054046631
in epoch
0.9049715995788574
0.6347498893737793
0.8480222225189209
0.24475443363189697
0.7611383199691772
0.7611633539199829
0.7613447904586792
0.9049947261810303
0.7612757682800293
0.6346427202224731
0.2447521686553955
0.6346687078475952
0.7614601850509644
in epoch
0.46189606189727783
0.9049432277679443
0.7611991167068481
0.6346771717071533
0.4617656469345093
0.9048783779144287
0.8479690551757812
0.7611415386199951
0.7611950635910034
0.46184051036834717
0.9049097299575806
0.8480844497680664
0.7614701986312866
in epoch
0.7613712549209595
0.4618260860443115
0.4618326425552368
0.6348563432693481
0.6346758604049683
0.6347771883010864
0.6347744464874268
0.7613139152526855
0.9049432277679443
0.7611218690872192
0.6347640752792358
0.9412238597869873
0.9049689769744873
in epoch
0.7612287998199463
0.7614319324493408
0.9049642086029053
0.8480486869812012
0.848035454750061
0.7613075971603394
0.7611029148101807
0.8479759693145752
0.4617983102798462
0.7613840103149414
0.8479828834533691
0.6347286701202393
0.7610417604446411
in epoch
0.7612689733505249
0.6345961093902588
0.7613292932510376
0.9048162698745728
0.6348028182983398
0.24480783939361572
0.8480547666549683
0.7611639499664307
0.8479914665222168
0.6347670555114746
0.7611900568008423
0.6348201036453247
0.7613917589187622
in epoch
0.8479430675506592
0.46180474758148193
0.9048590660095215
0.8480128049850464
0.6347787380218506
0.7612024545669556
0.4619596004486084
0.6347426176071167
0.848014235496521
0.7613860368728638
0.9049966335296631
0.6348110437393188
0.46176767349243164
in epoch
0.46198558807373047
0.2446918487548828
0.6346409320831299
0.8479540348052979
0.9411956071853638
0.7612900733947754
0.904996395111084
0.7613192796707153
0.847963809967041
0.9411884546279907
0.8479102849960327
0.7612910270690918
0.7611823081970215
in epoch
0.46180784702301025
0.4618716239929199
0.8480008840560913
0.8479713201522827
0.9412329196929932
0.7612136602401733
0.761509895324707
0.6347625255584717
0.6349666118621826
0.7612485885620117
0.9412169456481934
0.24458301067352295
0.7611707448959351
in epoch
0.6348037719726562
0.9049599170684814
0.8479430675506592
0.46182894706726074
0.7610946893692017
0.6349194049835205
0.9049265384674072
0.4616802930831909
0.2445850372314453
0.8479194641113281
0.24470829963684082
0.9048407077789307
0.904958963394165
in epoch
0.6348105669021606
0.7614191770553589
0.7612841129302979
0.6347935199737549
0.8480067253112793
0.8479688167572021
0.8479104042053223
0.6347981691360474
0.4616748094558716
0.7612243890762329
0.8480418920516968
0.6346762180328369
1.1920928955078125e-07
in epoch
0.761184811592102
0.8480216264724731
0.46185243129730225
0.8480679988861084
0.46180999279022217
0.8479896783828735
0.8479961156845093
0.8479678630828857
0.9048962593078613
0.4617800712585449
0.7612346410751343
0.7612787485122681
2.384185791015625e-07
in epoch
0.6347427368164062
0.7612303495407104
0.8479980230331421
0.8479279279708862
0.6347075700759888
0.7613347768783569
0.2448192834854126
0.6347771883010864
0.7613029479980469
0.6347423791885376
0.24470973014831543
0.8480371236801147
0.9049094915390015
in epoch
0.8480191230773926
0.9049907922744751
0.6348088979721069
0.4618469476699829
0.9048659801483154
0.7613379955291748
0.7613629102706909
0.8479771614074707
0.7613108158111572
0.8480596542358398
0.8480234146118164
0.4617398977279663
0.761364221572876
in epoch
0.9048404693603516
0.6348867416381836
0.7611340284347534
0.7613242864608765
0.8478846549987793
0.8479633331298828
0.9048988819122314
0.6348072290420532
0.7612673044204712
0.634721040725708
0.46190929412841797
0.7612619400024414
0.7612811326980591
in epoch
0.6348427534103394
0.7613091468811035
0.6344761848449707
0.7612767219543457
0.634803295135498
0.4618091583251953
0.4619619846343994
0.7613534927368164
0.7612689733505249
0.24465668201446533
0.6347326040267944
0.9049828052520752
1.1920928955078125e-07
in epoch
0.6348422765731812
0.8479499816894531
0.6348508596420288
0.7613629102706909
0.8480244874954224
0.6348123550415039
0.7612934112548828
0.8480342626571655
0.9638874530792236
0.8479177951812744
0.4617100954055786
0.847983717918396
0.46208035945892334
in epoch
0.9049612283706665
0.9049214124679565
0.7613413333892822
0.761371374130249
0.8479644060134888
0.6349104642868042
0.9049068689346313
0.7612247467041016
0.8480490446090698
0.8479917049407959
0.8479771614074707
1.1920928955078125e-07
0.7610985040664673
in epoch
0.7612826824188232
0.6348271369934082
0.6347314119338989
0.76124107837677
0.7611749172210693
0.7613826990127563
0.8479316234588623
0.7612847089767456
0.6347157955169678
0.6349287033081055
0.24460530281066895
0.7612968683242798
1.1920928955078125e-07
in epoch
0.4618161916732788
0.761224627494812
0.4618126153945923
0.46185779571533203
0.461844801902771
0.7612042427062988
0.8480753898620605
0.8480573892593384
0.6348857879638672
0.6349813938140869
0.9049367904663086
0.46183156967163086
0.9639139175415039
in epoch
0.7613215446472168
0.7613427639007568
0.9639366865158081
0.4616612195968628
0.7611793279647827
0.7612199783325195
0.761144757270813
0.8479675054550171
0.8479926586151123
0.7612920999526978
0.46193695068359375
0.8480299711227417
0.761176347732544
in epoch
0.7612133026123047
0.7611216306686401
0.6347951889038086
0.2447817325592041
0.9049286842346191
0.9048759937286377
0.46179771423339844
0.84806227684021
0.8478769063949585
0.8480104207992554
0.4617903232574463
0.6348241567611694
0.7612313032150269
in epoch
0.6347451210021973
0.9049267768859863
0.6348491907119751
0.634691596031189
0.8481347560882568
0.7612383365631104
0.7613039016723633
0.9049047231674194
0.7612625360488892
0.7612284421920776
0.7612572908401489
0.7612836360931396
0.9639456272125244
in epoch
0.7612887620925903
0.9049462080001831
0.6348891258239746
0.6349728107452393
0.7613390684127808
0.8479031324386597
0.6348304748535156
0.6348439455032349
0.7613416910171509
0.4618147611618042
0.8481062650680542
0.6348321437835693
0.4615670442581177
in epoch
0.761162519454956
0.848051905632019
0.7610816955566406
0.761290431022644
0.6348530054092407
0.7612299919128418
0.4617283344268799
0.24454891681671143
0.8480696678161621
0.6349729299545288
0.8480541706085205
0.46177124977111816
0.46202290058135986
in epoch
0.9048625230789185
0.848055362701416
0.9412477016448975
0.8481192588806152
0.6348010301589966
0.7612578868865967
0.8478971719741821
0.7613235712051392
0.9048638343811035
0.8480280637741089
0.6348110437393188
0.8480334281921387
1.1920928955078125e-07
in epoch
0.6347852945327759
0.6348851919174194
0.761189341545105
0.4617462158203125
0.46188831329345703
0.76123046875
0.9049938917160034
0.4616760015487671
0.6347461938858032
0.2447291612625122
0.8479253053665161
0.9412491321563721
0.7615065574645996
in epoch
0.8480545282363892
0.7612007856369019
0.6345689296722412
0.9048186540603638
0.8480057716369629
0.6347484588623047
0.6348761320114136
0.8479385375976562
0.7612581253051758
0.6347188949584961
0.6347850561141968
0.7612236738204956
0.46179866790771484
in epoch
0.8479574918746948
0.6348766088485718
0.9049135446548462
0.7613109350204468
0.8480446338653564
0.46198391914367676
0.7611680030822754
0.7613317966461182
0.24490725994110107
0.7612663507461548
0.7613548040390015
0.7613099813461304
0.9049636125564575
in epoch
0.6348326206207275
0.8481284379959106
0.7612242698669434
0.848070502281189
0.6347270011901855
0.7613025903701782
0.7614021301269531
0.7612299919128418
0.9049543142318726
0.6348782777786255
0.8480633497238159
0.8480168581008911
0.7613074779510498
in epoch
0.7613222599029541
0.7611593008041382
0.24478137493133545
0.6348474025726318
0.46186745166778564
0.6347830295562744
0.6346834897994995
0.24464714527130127
0.4618654251098633
0.4618183374404907
0.761357307434082
0.8481255769729614
0.9050029516220093
in epoch
0.7612696886062622
0.6347948312759399
0.6347496509552002
0.6349198818206787
0.6347506046295166
0.24468517303466797
0.6348268985748291
0.7612552642822266
0.6348264217376709
0.7613790035247803
0.7613534927368164
0.848048210144043
1.1920928955078125e-07
in epoch
0.9049724340438843
0.7613186836242676
0.6348729133605957
0.4617440700531006
0.941185474395752
0.6348246335983276
0.46185195446014404
0.4618678092956543
0.8480250835418701
0.6346518993377686
0.6349178552627563
0.7612185478210449
0.7614246606826782
in epoch
0.8480405807495117
0.7612568140029907
0.4618353843688965
0.7611942291259766
0.9049426317214966
0.7611722946166992
0.6349663734436035
0.6349265575408936
0.6348620653152466
0.6348937749862671
0.9049110412597656
0.6349890232086182
0.4616129398345947
in epoch
0.7613353729248047
0.8481137752532959
0.634742259979248
0.634811520576477
0.7611515522003174
0.7612819671630859
0.761228084564209
0.9412158727645874
0.8480299711227417
0.2447575330734253
0.7611857652664185
0.848069429397583
0.4619485139846802
in epoch
0.8480383157730103
0.9049389362335205
0.6347814798355103
0.9049475193023682
0.904970645904541
0.7612960338592529
0.8480405807495117
0.24483299255371094
0.7613481283187866
0.8480043411254883
0.8480533361434937
0.6345914602279663
0.7614426612854004
in epoch
0.8479793071746826
0.8479187488555908
0.9049134254455566
0.4617818593978882
0.46173906326293945
0.6349391937255859
0.7610665559768677
0.46191155910491943
0.634879469871521
0.847906231880188
0.46172213554382324
0.4617420434951782
0.46180951595306396
in epoch
0.7612462043762207
0.6348927021026611
0.6349822282791138
0.7612853050231934
0.8479923009872437
0.7613011598587036
0.7613162994384766
0.7612440586090088
0.4617396593093872
0.9048855304718018
0.9412237405776978
0.6348516941070557
0.7613669633865356
in epoch
0.6348048448562622
0.8480556011199951
0.7611843347549438
0.8479681015014648
0.4617879390716553
0.7613329887390137
0.6345940828323364
0.7612351179122925
0.7612893581390381
0.7612521648406982
0.8480496406555176
0.2447599172592163
1.1920928955078125e-07
in epoch
0.24482190608978271
0.9639160633087158
0.8479543924331665
0.6349048614501953
0.8479834794998169
0.7611994743347168
0.9639067649841309
0.9049142599105835
0.9049806594848633
0.7613210678100586
0.7614344358444214
0.6347136497497559
0.7610613107681274
in epoch
0.7613682746887207
0.7612522840499878
0.8479804992675781
0.63469398021698
0.8480556011199951
0.46173858642578125
0.7611942291259766
0.6348979473114014
0.6347393989562988
0.46173250675201416
0.9049302339553833
0.634719967842102
0.0
in epoch
0.9412436485290527
0.8481050729751587
0.761212944984436
0.634987473487854
0.6347612142562866
0.6349700689315796
0.6348607540130615
0.6347763538360596
0.847953200340271
0.8480745553970337
0.6347591876983643
0.7612733840942383
0.7612024545669556
in epoch
0.6347670555114746
0.46168529987335205
0.7613837718963623
0.7613900899887085
0.6346956491470337
0.46172618865966797
0.9050196409225464
0.634648323059082
0.7612737417221069
0.46197056770324707
0.7612508535385132
0.7612351179122925
0.7612005472183228
in epoch
0.8480570316314697
0.8480106592178345
0.9049453735351562
0.8480648994445801
0.7612491846084595
0.8479635715484619
0.9049479961395264
0.9411864280700684
0.9049357175827026
0.8479529619216919
0.761337399482727
0.9049715995788574
0.9048848152160645
in epoch
0.634731650352478
0.6348254680633545
0.7612695693969727
0.8479678630828857
0.4617975950241089
0.6348834037780762
0.461861252784729
0.6348048448562622
0.46182167530059814
0.8480584621429443
0.46180260181427
0.46188223361968994
0.9638603925704956
in epoch
0.8479868173599243
0.848085880279541
0.4617220163345337
0.9048402309417725
0.4619225263595581
0.9412131309509277
0.4617342948913574
0.9411846399307251
0.8478449583053589
0.4619096517562866
0.9049094915390015
0.9049423933029175
0.7614117860794067
in epoch
0.4617953300476074
0.24485862255096436
0.4618273973464966
0.7611464262008667
0.8479586839675903
0.8480311632156372
0.7611448764801025
0.8479048013687134
0.6349000930786133
0.4618450403213501
0.6348834037780762
0.8481024503707886
2.384185791015625e-07
in epoch
0.7613579034805298
0.7612642049789429
0.8479312658309937
0.6347769498825073
0.8480643033981323
0.7612732648849487
0.6346626281738281
0.7612400054931641
0.24463891983032227
0.8480041027069092
0.4619150161743164
0.7612260580062866
0.4615858793258667
in epoch
0.63482666015625
0.8479925394058228
0.8479597568511963
0.9049822092056274
0.46187376976013184
0.848042368888855
0.634748101234436
0.46178483963012695
0.8480656147003174
0.6348264217376709
0.8480677604675293
0.8479626178741455
0.9050122499465942
in epoch
0.7613004446029663
0.7613390684127808
0.7612687349319458
0.2448962926864624
0.7611984014511108
0.6347750425338745
0.7612307071685791
0.8479546308517456
0.8480038642883301
0.8480052947998047
0.848015308380127
0.8480055332183838
0.46191442012786865
in epoch
0.6347970962524414
0.6347693204879761
0.6348463296890259
0.6347553730010986
0.9049451351165771
0.7612665891647339
0.24467074871063232
0.9048906564712524
0.24475181102752686
0.6348119974136353
0.6346795558929443
0.6348799467086792
0.7612857818603516
in epoch
0.6349447965621948
0.6349411010742188
0.7613581418991089
0.8480144739151001
0.8479946851730347
0.9049438238143921
0.7611501216888428
0.46188485622406006
0.761208176612854
0.7611984014511108
0.4618411064147949
0.6347407102584839
0.46207451820373535
in epoch
0.7611212730407715
0.7612618207931519
0.8479776382446289
0.7613219022750854
0.7612038850784302
0.46176207065582275
0.24462676048278809
0.4617956876754761
0.9412585496902466
0.8480979204177856
0.6349560022354126
0.6348245143890381
0.9049228429794312
in epoch
0.9049341678619385
0.7612519264221191
0.4616405963897705
0.6348563432693481
0.244765043258667
0.9412420988082886
0.7613316774368286
0.7612719535827637
0.761145830154419
0.8479152917861938
0.7613462209701538
0.9412044286727905
0.904973030090332
in epoch
0.6348122358322144
0.8479676246643066
0.6346350908279419
0.8480112552642822
0.7611502408981323
0.6347802877426147
0.7612591981887817
0.7613626718521118
0.7613662481307983
0.24456095695495605
0.6347769498825073
0.8478778600692749
0.9049090147018433
in epoch
0.6347455978393555
0.9049135446548462
0.7612539529800415
0.7612770795822144
0.7611088752746582
0.4617840051651001
0.4617072343826294
0.4618041515350342
0.8481384515762329
0.7613440752029419
0.7611844539642334
0.941220760345459
0.9049010276794434
in epoch
0.6349332332611084
0.24458050727844238
0.8479923009872437
0.7612920999526978
0.9049075841903687
0.4618110656738281
0.9050102233886719
0.8479312658309937
0.7613930702209473
0.941239595413208
0.46157097816467285
0.46165597438812256
0.4620569944381714
in epoch
0.8479886054992676
0.8481016159057617
0.9049628973007202
0.7611947059631348
0.6347942352294922
0.4619126319885254
0.8479931354522705
0.8479793071746826
0.7613059282302856
0.9639371633529663
0.4618290662765503
0.8479721546173096
0.9049445390701294
in epoch
0.6348304748535156
0.46180546283721924
0.7612817287445068
0.24456501007080078
0.6346722841262817
0.4618089199066162
0.7612192630767822
0.7611782550811768
0.9049551486968994
0.46192944049835205
0.4617849588394165
0.6348285675048828
0.7612745761871338
in epoch
0.848055362701416
0.8479914665222168
0.6346023082733154
0.46174585819244385
0.848067045211792
0.46192896366119385
0.7613494396209717
0.9048932790756226
0.9048826694488525
0.8480089902877808
0.2448139190673828
0.634779691696167
0.761189341545105
in epoch
0.7611789703369141
0.7613276243209839
0.6347330808639526
0.8479828834533691
0.8479666709899902
0.761284351348877
0.9639096260070801
0.24481332302093506
0.9049577713012695
0.7613091468811035
0.6346811056137085
0.8481032848358154
0.46183526515960693
in epoch
0.6348060369491577
0.634678840637207
0.7612689733505249
0.461838960647583
0.7614072561264038
0.761197566986084
0.8479529619216919
0.8479589223861694
0.46180546283721924
0.7613078355789185
0.24467980861663818
0.6348572969436646
0.9049094915390015
in epoch
0.7612531185150146
0.7613900899887085
0.8479923009872437
0.7613548040390015
0.7612173557281494
0.46177709102630615
0.8480397462844849
0.7612242698669434
0.6347811222076416
0.6346478462219238
0.7613447904586792
0.46168482303619385
0.7613508701324463
in epoch
0.761212944984436
0.9050172567367554
0.9049445390701294
0.7610236406326294
0.24480748176574707
0.6348190307617188
0.6347923278808594
0.6346901655197144
0.2447282075881958
0.7613612413406372
0.7612745761871338
0.7612497806549072
0.7614343166351318
in epoch
0.7614357471466064
0.7613717317581177
0.6347233057022095
0.8481431007385254
0.8479725122451782
0.9049782752990723
0.46167778968811035
0.7612552642822266
0.6348015069961548
0.8478559255599976
0.7612848281860352
0.9049217700958252
0.9049795866012573
in epoch
0.7613327503204346
0.9412118196487427
0.8480781316757202
0.461844801902771
0.904956579208374
0.8479882478713989
0.6349236965179443
0.6349796056747437
0.8480116128921509
0.905044436454773
0.6347862482070923
0.8479071855545044
0.9048463106155396
in epoch
0.7612506151199341
0.9049475193023682
0.6346104145050049
0.9412064552307129
0.8479348421096802
0.847867488861084
0.8480294942855835
0.8479633331298828
0.7613874673843384
0.7613843679428101
0.6347908973693848
0.7612515687942505
0.9639495611190796
in epoch
0.7610510587692261
0.24480092525482178
0.461597204208374
0.634791374206543
0.6347997188568115
0.4618264436721802
0.8480167388916016
0.761236310005188
0.46187257766723633
0.7612806558609009
0.9048844575881958
0.24478137493133545
0.7612864971160889
in epoch
0.9049509763717651
0.7612009048461914
0.6347347497940063
0.46182894706726074
0.24473202228546143
0.6348915100097656
0.9049570560455322
0.7614096403121948
0.7611777782440186
0.8481695652008057
0.7613786458969116
0.7611604928970337
0.9049419164657593
in epoch
0.634748101234436
0.8480657339096069
0.634859561920166
0.4618943929672241
0.7612518072128296
0.7611629962921143
0.6348285675048828
0.7611585855484009
0.9412062168121338
0.7611589431762695
0.9050040245056152
0.6348923444747925
0.761149525642395
in epoch
0.6346932649612427
0.4618659019470215
0.7612441778182983
0.7613226175308228
0.6347930431365967
0.7611135244369507
0.4618328809738159
0.6347712278366089
0.6347788572311401
0.4617798328399658
0.634796142578125
0.8480167388916016
0.4618794918060303
in epoch
0.7613750696182251
0.7611753940582275
0.9048938751220703
0.8479695320129395
0.6348789930343628
0.761316180229187
0.8480024337768555
0.8481128215789795
0.9049674272537231
0.6346572637557983
0.46182942390441895
0.7612978219985962
0.7614001035690308
in epoch
0.46186816692352295
0.6349536180496216
0.8479210138320923
0.7612539529800415
0.6349154710769653
0.9412277936935425
0.9411468505859375
0.8479902744293213
0.8479888439178467
0.7613873481750488
0.4620784521102905
0.8479290008544922
0.46163320541381836
in epoch
0.24462032318115234
0.8480427265167236
0.8481019735336304
0.8480067253112793
0.848058819770813
0.8480191230773926
0.4616978168487549
0.4618544578552246
0.6349308490753174
0.46160995960235596
0.761354923248291
0.2447572946548462
0.7613303661346436
in epoch
0.24480795860290527
0.7611175775527954
0.9412636756896973
0.7612531185150146
0.6347801685333252
0.8480818271636963
0.7612893581390381
0.8480802774429321
0.8480356931686401
0.6349074840545654
0.8480619192123413
0.9049379825592041
0.0
after opt
